<?xml version="1.0" encoding="UTF-8"?>
<!-- Generated by org.testng.reporters.JUnitXMLReporter -->
<testsuite hostname="Buto" ignored="0" name="Test" tests="1" failures="0" timestamp="16 Jun 2020 19:38:54 GMT" time="2.753" errors="0">
  <testcase name="@BeforeMethod beforeMethod" time="0.0" classname="Tests.TestCases">
    <failure type="org.openqa.selenium.SessionNotCreatedException" message="session not created: This version of ChromeDriver only supports Chrome version 80
Build info: version: &amp;apos;3.141.59&amp;apos;, revision: &amp;apos;e82be7d358&amp;apos;, time: &amp;apos;2018-11-14T08:25:48&amp;apos;
System info: host: &amp;apos;BUTO&amp;apos;, ip: &amp;apos;10.45.93.208&amp;apos;, os.name: &amp;apos;Windows 8.1&amp;apos;, os.arch: &amp;apos;amd64&amp;apos;, os.version: &amp;apos;6.3&amp;apos;, java.version: &amp;apos;1.8.0_241&amp;apos;
Driver info: driver.version: ChromeDriver
remote stacktrace: Backtrace:
	Ordinal0 [0x01260C83+1707139]
	Ordinal0 [0x011C68F1+1075441]
	Ordinal0 [0x0113DFC9+516041]
	Ordinal0 [0x010D0554+66900]
	Ordinal0 [0x010CCCE2+52450]
	Ordinal0 [0x010EBFD7+180183]
	Ordinal0 [0x010EBDDD+179677]
	Ordinal0 [0x010E9D4B+171339]
	Ordinal0 [0x010D1D4A+73034]
	Ordinal0 [0x010D2DC0+77248]
	Ordinal0 [0x010D2D59+77145]
	Ordinal0 [0x011DBB67+1162087]
	GetHandleVerifier [0x012FA966+508998]
	GetHandleVerifier [0x012FA6A4+508292]
	GetHandleVerifier [0x0130F7B7+594583]
	GetHandleVerifier [0x012FB1D6+511158]
	Ordinal0 [0x011D402C+1130540]
	Ordinal0 [0x011DD4CB+1168587]
	Ordinal0 [0x011DD633+1168947]
	Ordinal0 [0x011F5B35+1268533]
	BaseThreadInitThunk [0x76176A14+36]
	RtlInitializeExceptionChain [0x7709AB4F+143]
	RtlInitializeExceptionChain [0x7709AB1A+90]
">
      <![CDATA[org.openqa.selenium.SessionNotCreatedException: session not created: This version of ChromeDriver only supports Chrome version 80
Build info: version: '3.141.59', revision: 'e82be7d358', time: '2018-11-14T08:25:48'
System info: host: 'BUTO', ip: '10.45.93.208', os.name: 'Windows 8.1', os.arch: 'amd64', os.version: '6.3', java.version: '1.8.0_241'
Driver info: driver.version: ChromeDriver
remote stacktrace: Backtrace:
	Ordinal0 [0x01260C83+1707139]
	Ordinal0 [0x011C68F1+1075441]
	Ordinal0 [0x0113DFC9+516041]
	Ordinal0 [0x010D0554+66900]
	Ordinal0 [0x010CCCE2+52450]
	Ordinal0 [0x010EBFD7+180183]
	Ordinal0 [0x010EBDDD+179677]
	Ordinal0 [0x010E9D4B+171339]
	Ordinal0 [0x010D1D4A+73034]
	Ordinal0 [0x010D2DC0+77248]
	Ordinal0 [0x010D2D59+77145]
	Ordinal0 [0x011DBB67+1162087]
	GetHandleVerifier [0x012FA966+508998]
	GetHandleVerifier [0x012FA6A4+508292]
	GetHandleVerifier [0x0130F7B7+594583]
	GetHandleVerifier [0x012FB1D6+511158]
	Ordinal0 [0x011D402C+1130540]
	Ordinal0 [0x011DD4CB+1168587]
	Ordinal0 [0x011DD633+1168947]
	Ordinal0 [0x011F5B35+1268533]
	BaseThreadInitThunk [0x76176A14+36]
	RtlInitializeExceptionChain [0x7709AB4F+143]
	RtlInitializeExceptionChain [0x7709AB1A+90]

	at org.openqa.selenium.remote.W3CHandshakeResponse.lambda$errorHandler$0(W3CHandshakeResponse.java:62)
	at org.openqa.selenium.remote.HandshakeResponse.lambda$getResponseFunction$0(HandshakeResponse.java:30)
	at org.openqa.selenium.remote.ProtocolHandshake.lambda$createSession$0(ProtocolHandshake.java:126)
	at java.util.stream.ReferencePipeline$3$1.accept(Unknown Source)
	at java.util.Spliterators$ArraySpliterator.tryAdvance(Unknown Source)
	at java.util.stream.ReferencePipeline.forEachWithCancel(Unknown Source)
	at java.util.stream.AbstractPipeline.copyIntoWithCancel(Unknown Source)
	at java.util.stream.AbstractPipeline.copyInto(Unknown Source)
	at java.util.stream.AbstractPipeline.wrapAndCopyInto(Unknown Source)
	at java.util.stream.FindOps$FindOp.evaluateSequential(Unknown Source)
	at java.util.stream.AbstractPipeline.evaluate(Unknown Source)
	at java.util.stream.ReferencePipeline.findFirst(Unknown Source)
	at org.openqa.selenium.remote.ProtocolHandshake.createSession(ProtocolHandshake.java:128)
	at org.openqa.selenium.remote.ProtocolHandshake.createSession(ProtocolHandshake.java:74)
	at org.openqa.selenium.remote.HttpCommandExecutor.execute(HttpCommandExecutor.java:136)
	at org.openqa.selenium.remote.service.DriverCommandExecutor.execute(DriverCommandExecutor.java:83)
	at org.openqa.selenium.remote.RemoteWebDriver.execute(RemoteWebDriver.java:552)
	at org.openqa.selenium.remote.RemoteWebDriver.startSession(RemoteWebDriver.java:213)
	at org.openqa.selenium.remote.RemoteWebDriver.<init>(RemoteWebDriver.java:131)
	at org.openqa.selenium.chrome.ChromeDriver.<init>(ChromeDriver.java:181)
	at org.openqa.selenium.chrome.ChromeDriver.<init>(ChromeDriver.java:168)
	at org.openqa.selenium.chrome.ChromeDriver.<init>(ChromeDriver.java:123)
	at Tests.TestCases.beforeMethod(TestCases.java:26)
... Removed 31 stack frames]]>
    </failure>
  </testcase> <!-- @BeforeMethod beforeMethod -->
  <testcase name="@AfterMethod afterMethod" time="0.0" classname="Tests.TestCases">
    <skipped/>
  </testcase> <!-- @AfterMethod afterMethod -->
  <testcase name="testMethod" time="0.006" classname="Tests.TestCases">
    <skipped/>
  </testcase> <!-- testMethod -->
</testsuite> <!-- Test -->
